2016-02-18 22:16:08,666  WARN [Worker-3] - ScalaProject - Project project1_learn has platform default sourceLevel.
2016-02-18 22:16:08,667  WARN [Worker-3] - ScalaProject - Project project1_learn runs on platform default installation.
2016-02-18 22:17:05,467  WARN [Worker-0] - ScalaProject - Project project1_learn has platform default sourceLevel.
2016-02-18 22:17:05,467  WARN [Worker-0] - ScalaProject - Project project1_learn runs on platform default installation.
2016-02-18 22:17:45,937  WARN [Worker-2] - ScalaProject - Project project1_learn has platform default sourceLevel.
2016-02-18 22:17:45,937  WARN [Worker-2] - ScalaProject - Project project1_learn runs on platform default installation.
2016-02-18 22:21:25,741  WARN [main] - ScalaProject - Project project1_learn has platform default sourceLevel.
2016-02-18 22:21:25,742  WARN [main] - ScalaProject - Project project1_learn runs on platform default installation.
2016-02-18 23:37:42,304  WARN [Worker-18] - ScalaProject - Project project1_learn has platform default sourceLevel.
2016-02-18 23:37:42,305  WARN [Worker-18] - ScalaProject - Project project1_learn runs on platform default installation.
2016-02-18 23:39:02,273  WARN [Worker-25] - ScalaProject - Project project1_learn has platform default sourceLevel.
2016-02-18 23:39:02,274  WARN [Worker-25] - ScalaProject - Project project1_learn runs on platform default installation.
2016-02-18 23:40:25,718  WARN [Worker-24] - ScalaProject - Project project1_learn has platform default sourceLevel.
2016-02-18 23:40:25,719  WARN [Worker-24] - ScalaProject - Project project1_learn runs on platform default installation.
2016-02-18 23:43:00,423  WARN [Worker-26] - ScalaProject - Project project1_learn has platform default sourceLevel.
2016-02-18 23:43:00,424  WARN [Worker-26] - ScalaProject - Project project1_learn runs on platform default installation.
2016-02-18 23:44:48,018  WARN [Worker-22] - ScalaProject - Project project1_learn has platform default sourceLevel.
2016-02-18 23:44:48,018  WARN [Worker-22] - ScalaProject - Project project1_learn runs on platform default installation.
2016-02-18 23:46:59,210  WARN [Worker-23] - ScalaProject - Project project1_learn has platform default sourceLevel.
2016-02-18 23:46:59,210  WARN [Worker-23] - ScalaProject - Project project1_learn runs on platform default installation.
2016-02-19 00:15:12,099  WARN [Worker-46] - ScalaProject - Project project1_learn has platform default sourceLevel.
2016-02-19 00:15:12,100  WARN [Worker-46] - ScalaProject - Project project1_learn runs on platform default installation.
2016-02-19 00:16:18,786  WARN [Worker-47] - ScalaProject - Project project1_learn has platform default sourceLevel.
2016-02-19 00:16:18,786  WARN [Worker-47] - ScalaProject - Project project1_learn runs on platform default installation.
2016-02-19 00:16:46,722  WARN [Worker-47] - ScalaProject - Project project1_learn has platform default sourceLevel.
2016-02-19 00:16:46,722  WARN [Worker-47] - ScalaProject - Project project1_learn runs on platform default installation.
2016-02-19 00:22:41,836  WARN [main] - ScalaProject - Project project1_learn has platform default sourceLevel.
2016-02-19 00:22:41,837  WARN [main] - ScalaProject - Project project1_learn runs on platform default installation.
2016-02-19 00:26:40,474  WARN [Worker-3] - ScalaProject - Project project1_learn has platform default sourceLevel.
2016-02-19 00:26:40,474  WARN [Worker-3] - ScalaProject - Project project1_learn runs on platform default installation.
2016-02-19 00:30:53,264  WARN [Worker-16] - ScalaProject - Project project1_learn has platform default sourceLevel.
2016-02-19 00:30:53,265  WARN [Worker-16] - ScalaProject - Project project1_learn runs on platform default installation.
2016-02-19 00:33:29,539  WARN [main] - ScalaProject - Project project1_learn has platform default sourceLevel.
2016-02-19 00:33:29,540  WARN [main] - ScalaProject - Project project1_learn runs on platform default installation.
2016-02-19 00:33:43,035  WARN [main] - ScalaProject - Project project1_learn has platform default sourceLevel.
2016-02-19 00:33:43,035  WARN [main] - ScalaProject - Project project1_learn runs on platform default installation.
2016-02-19 00:34:41,154  WARN [Worker-0] - ScalaProject - Project project2 has platform default sourceLevel.
2016-02-19 00:34:41,155  WARN [Worker-0] - ScalaProject - Project project2 runs on platform default installation.
2016-02-19 00:34:53,572  WARN [Worker-5] - ScalaProject - Project project2 has platform default sourceLevel.
2016-02-19 00:34:53,572  WARN [Worker-5] - ScalaProject - Project project2 runs on platform default installation.
2016-02-19 00:34:58,517  WARN [Worker-2] - ScalaProject - Project project2 has platform default sourceLevel.
2016-02-19 00:34:58,517  WARN [Worker-2] - ScalaProject - Project project2 runs on platform default installation.
2016-02-19 00:36:11,028  WARN [Worker-2] - ScalaProject - Project project2 has platform default sourceLevel.
2016-02-19 00:36:11,028  WARN [Worker-2] - ScalaProject - Project project2 runs on platform default installation.
2016-02-19 00:36:44,074  WARN [Worker-0] - ScalaProject - Project project2 has platform default sourceLevel.
2016-02-19 00:36:44,075  WARN [Worker-0] - ScalaProject - Project project2 runs on platform default installation.
2016-02-19 00:38:53,915  WARN [Worker-9] - ScalaProject - Project project2 has platform default sourceLevel.
2016-02-19 00:38:53,915  WARN [Worker-9] - ScalaProject - Project project2 runs on platform default installation.
2016-02-19 00:40:05,323  WARN [Worker-8] - ScalaProject - Project project2 has platform default sourceLevel.
2016-02-19 00:40:05,323  WARN [Worker-8] - ScalaProject - Project project2 runs on platform default installation.
2016-02-19 00:40:18,570  WARN [Worker-1] - ScalaProject - Project project2 has platform default sourceLevel.
2016-02-19 00:40:18,570  WARN [Worker-1] - ScalaProject - Project project2 runs on platform default installation.
2016-02-19 00:40:46,840  WARN [Worker-4] - ScalaProject - Project project2 has platform default sourceLevel.
2016-02-19 00:40:46,840  WARN [Worker-4] - ScalaProject - Project project2 runs on platform default installation.
2016-02-19 00:41:20,691  WARN [Worker-5] - ScalaProject - Project project2 has platform default sourceLevel.
2016-02-19 00:41:20,692  WARN [Worker-5] - ScalaProject - Project project2 runs on platform default installation.
2016-02-19 00:42:05,209  WARN [Worker-1] - ScalaProject - Project project2 has platform default sourceLevel.
2016-02-19 00:42:05,209  WARN [Worker-1] - ScalaProject - Project project2 runs on platform default installation.
2016-02-19 00:43:08,345  WARN [Worker-0] - ScalaProject - Project project2 has platform default sourceLevel.
2016-02-19 00:43:08,345  WARN [Worker-0] - ScalaProject - Project project2 runs on platform default installation.
2016-02-19 20:46:45,277  WARN [Worker-0] - ScalaProject - Project project2 has platform default sourceLevel.
2016-02-19 20:46:45,278  WARN [Worker-0] - ScalaProject - Project project2 runs on platform default installation.
2016-02-19 20:46:55,648  WARN [Worker-6] - ScalaProject - Project project2 has platform default sourceLevel.
2016-02-19 20:46:55,649  WARN [Worker-6] - ScalaProject - Project project2 runs on platform default installation.
2016-02-19 20:48:07,431  WARN [Worker-5] - ScalaProject - Project project2 has platform default sourceLevel.
2016-02-19 20:48:07,431  WARN [Worker-5] - ScalaProject - Project project2 runs on platform default installation.
2016-02-19 20:49:36,569  WARN [Worker-5] - ScalaProject - Project project2 has platform default sourceLevel.
2016-02-19 20:49:36,570  WARN [Worker-5] - ScalaProject - Project project2 runs on platform default installation.
2016-02-19 20:52:19,481  WARN [Worker-2] - ScalaProject - Project project2 has platform default sourceLevel.
2016-02-19 20:52:19,482  WARN [Worker-2] - ScalaProject - Project project2 runs on platform default installation.
2016-02-19 20:56:10,912  WARN [Worker-7] - ScalaProject - Project project2 has platform default sourceLevel.
2016-02-19 20:56:10,912  WARN [Worker-7] - ScalaProject - Project project2 runs on platform default installation.
2016-02-19 20:56:20,154  WARN [Worker-0] - ScalaProject - Project project2 has platform default sourceLevel.
2016-02-19 20:56:20,154  WARN [Worker-0] - ScalaProject - Project project2 runs on platform default installation.
2016-02-19 20:57:27,916  WARN [Worker-10] - ScalaProject - Project project2 has platform default sourceLevel.
2016-02-19 20:57:27,916  WARN [Worker-10] - ScalaProject - Project project2 runs on platform default installation.
2016-02-19 20:57:36,038  WARN [Worker-11] - ScalaProject - Project project2 has platform default sourceLevel.
2016-02-19 20:57:36,038  WARN [Worker-11] - ScalaProject - Project project2 runs on platform default installation.
2016-02-19 20:59:39,659  WARN [Worker-10] - ScalaProject - Project project2 has platform default sourceLevel.
2016-02-19 20:59:39,660  WARN [Worker-10] - ScalaProject - Project project2 runs on platform default installation.
2016-02-19 21:06:49,901  WARN [Worker-10] - ScalaProject - Project project2 has platform default sourceLevel.
2016-02-19 21:06:49,902  WARN [Worker-10] - ScalaProject - Project project2 runs on platform default installation.
2016-02-19 21:09:36,285  WARN [Worker-16] - ScalaProject - Project project2 has platform default sourceLevel.
2016-02-19 21:09:36,286  WARN [Worker-16] - ScalaProject - Project project2 runs on platform default installation.
2016-02-19 22:58:22,321  WARN [Worker-34] - ScalaProject - Project project2 has platform default sourceLevel.
2016-02-19 22:58:22,321  WARN [Worker-34] - ScalaProject - Project project2 runs on platform default installation.
2016-02-19 22:58:53,763  WARN [Worker-28] - ScalaProject - Project project2 has platform default sourceLevel.
2016-02-19 22:58:53,763  WARN [Worker-28] - ScalaProject - Project project2 runs on platform default installation.
2016-02-19 22:59:12,581  WARN [Worker-28] - ScalaProject - Project project2 has platform default sourceLevel.
2016-02-19 22:59:12,581  WARN [Worker-28] - ScalaProject - Project project2 runs on platform default installation.
2016-02-19 23:00:33,581  WARN [Worker-33] - ScalaProject - Project project2 has platform default sourceLevel.
2016-02-19 23:00:33,581  WARN [Worker-33] - ScalaProject - Project project2 runs on platform default installation.
2016-02-19 23:01:47,277  WARN [Worker-33] - ScalaProject - Project project2 has platform default sourceLevel.
2016-02-19 23:01:47,277  WARN [Worker-33] - ScalaProject - Project project2 runs on platform default installation.
2016-02-19 23:04:53,604  WARN [org.scalaide.ui.internal.reconciliation.ScalaReconciler] - TraverserImpl$ - Skipping annotation, position length = 0, position offset = 674
2016-02-19 23:04:54,626  WARN [org.scalaide.ui.internal.reconciliation.ScalaReconciler] - TraverserImpl$ - Skipping annotation, position length = 0, position offset = 675
2016-02-19 23:04:56,162  WARN [org.scalaide.ui.internal.reconciliation.ScalaReconciler] - TraverserImpl$ - Skipping annotation, position length = 0, position offset = 678
2016-02-19 23:04:56,162  WARN [org.scalaide.ui.internal.reconciliation.ScalaReconciler] - TraverserImpl$ - Skipping annotation, position length = 0, position offset = 678
2016-02-19 23:04:58,697  WARN [org.scalaide.ui.internal.reconciliation.ScalaReconciler] - TraverserImpl$ - Skipping annotation, position length = 0, position offset = 676
2016-02-19 23:04:58,697  WARN [org.scalaide.ui.internal.reconciliation.ScalaReconciler] - TraverserImpl$ - Skipping annotation, position length = 0, position offset = 676
2016-02-19 23:04:59,713  WARN [org.scalaide.ui.internal.reconciliation.ScalaReconciler] - TraverserImpl$ - Skipping annotation, position length = 0, position offset = 673
2016-02-19 23:05:00,728  WARN [org.scalaide.ui.internal.reconciliation.ScalaReconciler] - TraverserImpl$ - Skipping annotation, position length = 0, position offset = 674
2016-02-19 23:07:28,739 ERROR [Text Viewer Hover Presenter] - IScalaPresentationCompiler$ - Ignoring InterruptException
2016-02-19 23:07:28,740 ERROR [Text Viewer Hover Presenter] - IScalaPresentationCompiler$ - Ignoring InterruptException
2016-02-19 23:10:22,352  WARN [Worker-40] - ScalaProject - Project project2 has platform default sourceLevel.
2016-02-19 23:10:22,352  WARN [Worker-40] - ScalaProject - Project project2 runs on platform default installation.
2016-02-19 23:21:16,879  WARN [Worker-34] - ScalaProject - Project project2 has platform default sourceLevel.
2016-02-19 23:21:16,879  WARN [Worker-34] - ScalaProject - Project project2 runs on platform default installation.
2016-02-19 23:23:30,133  WARN [Worker-42] - ScalaProject - Project project2 has platform default sourceLevel.
2016-02-19 23:23:30,133  WARN [Worker-42] - ScalaProject - Project project2 runs on platform default installation.
2016-02-20 20:18:25,708  WARN [Worker-61] - ScalaProject - Project project2 has platform default sourceLevel.
2016-02-20 20:18:25,708  WARN [Worker-61] - ScalaProject - Project project2 runs on platform default installation.
2016-02-20 20:20:58,862 ERROR [main] - org.scala-ide.sdt.core - org.scala-ide.sdt.core - org.scala-ide.sdt.core - 0 - Throwable during asyncExec
java.lang.NullPointerException
	at scala.reflect.internal.Definitions$DefinitionsClass.isByNameParamType(Definitions.scala:377)
	at scala.reflect.internal.TreeInfo.isStableIdent(TreeInfo.scala:130)
	at scala.reflect.internal.TreeInfo.isStableIdentifier(TreeInfo.scala:105)
	at scala.reflect.internal.TreeInfo.isPath(TreeInfo.scala:95)
	at scala.reflect.internal.TreeInfo.admitsTypeSelection(TreeInfo.scala:147)
	at scala.tools.nsc.interactive.Global.stabilizedType(Global.scala:961)
	at scala.tools.nsc.interactive.Global.typedTreeAt(Global.scala:810)
	at scala.tools.nsc.interactive.Global$$anonfun$getTypedTreeAt$1.apply(Global.scala:840)
	at scala.tools.nsc.interactive.Global$$anonfun$getTypedTreeAt$1.apply(Global.scala:840)
	at scala.tools.nsc.interactive.Global$$anonfun$respond$1.apply(Global.scala:699)
	at scala.tools.nsc.interactive.Global$$anonfun$respond$1.apply(Global.scala:699)
	at scala.tools.nsc.interactive.Global.respondGradually(Global.scala:706)
	at scala.tools.nsc.interactive.Global.respond(Global.scala:699)
	at scala.tools.nsc.interactive.Global.getTypedTreeAt(Global.scala:840)
	at scala.tools.nsc.interactive.CompilerControl$AskTypeAtItem.apply$mcV$sp(CompilerControl.scala:326)
	at scala.tools.nsc.interactive.Global$$anonfun$pollForWork$1.apply$mcV$sp(Global.scala:504)
	at scala.util.control.Breaks.breakable(Breaks.scala:38)
	at scala.tools.nsc.interactive.Global.pollForWork(Global.scala:429)
	at scala.tools.nsc.interactive.Global.checkForMoreWork(Global.scala:518)
	at scala.tools.nsc.interactive.Global.signalParseProgress(Global.scala:329)
	at scala.tools.nsc.ast.parser.Parsers$Parser.funDefRest(Parsers.scala:2619)
	at scala.tools.nsc.ast.parser.Parsers$Parser.funDefOrDcl(Parsers.scala:2576)
	at scala.tools.nsc.ast.parser.Parsers$Parser.defOrDcl(Parsers.scala:2461)
	at scala.tools.nsc.ast.parser.Parsers$Parser.nonLocalDefOrDcl(Parsers.scala:2473)
	at scala.tools.nsc.ast.parser.Parsers$Parser$$anonfun$templateStat$1$$anonfun$applyOrElse$3.apply(Parsers.scala:3030)
	at scala.tools.nsc.ast.parser.Parsers$Parser$$anonfun$templateStat$1$$anonfun$applyOrElse$3.apply(Parsers.scala:3030)
	at scala.tools.nsc.doc.ScaladocSyntaxAnalyzer$ScaladocUnitParser.joinComment(ScaladocAnalyzer.scala:259)
	at scala.tools.nsc.ast.parser.Parsers$Parser$$anonfun$templateStat$1.applyOrElse(Parsers.scala:3030)
	at scala.tools.nsc.ast.parser.Parsers$Parser$$anonfun$templateStat$1.applyOrElse(Parsers.scala:3025)
	at scala.tools.nsc.ast.parser.Parsers$Parser.statSeq(Parsers.scala:2957)
	at scala.tools.nsc.ast.parser.Parsers$Parser.templateStats(Parsers.scala:3024)
	at scala.tools.nsc.ast.parser.Parsers$Parser$$anonfun$templateStatSeq$1.apply(Parsers.scala:3011)
	at scala.tools.nsc.ast.parser.Parsers$Parser$$anonfun$templateStatSeq$1.apply(Parsers.scala:2988)
	at scala.tools.nsc.ast.parser.Parsers$Parser.checkNoEscapingPlaceholders(Parsers.scala:462)
	at scala.tools.nsc.ast.parser.Parsers$Parser.templateStatSeq(Parsers.scala:2988)
	at scala.tools.nsc.ast.parser.Parsers$Parser.templateBody(Parsers.scala:2917)
	at scala.tools.nsc.ast.parser.Parsers$Parser.templateBodyOpt(Parsers.scala:2924)
	at scala.tools.nsc.ast.parser.Parsers$Parser.templateOpt(Parsers.scala:2888)
	at scala.tools.nsc.ast.parser.Parsers$Parser$$anonfun$classDef$1.apply(Parsers.scala:2751)
	at scala.tools.nsc.ast.parser.Parsers$Parser$$anonfun$classDef$1.apply(Parsers.scala:2731)
	at scala.tools.nsc.ast.parser.Parsers$Parser.savingClassContextBounds(Parsers.scala:327)
	at scala.tools.nsc.ast.parser.Parsers$Parser.classDef(Parsers.scala:2731)
	at scala.tools.nsc.ast.parser.Parsers$Parser.tmplDef(Parsers.scala:2708)
	at scala.tools.nsc.ast.parser.Parsers$Parser.topLevelTmplDef(Parsers.scala:2693)
	at scala.tools.nsc.ast.parser.Parsers$Parser$$anonfun$topStat$1$$anonfun$applyOrElse$2.apply(Parsers.scala:2980)
	at scala.tools.nsc.ast.parser.Parsers$Parser$$anonfun$topStat$1$$anonfun$applyOrElse$2.apply(Parsers.scala:2980)
	at scala.tools.nsc.doc.ScaladocSyntaxAnalyzer$ScaladocUnitParser.joinComment(ScaladocAnalyzer.scala:259)
	at scala.tools.nsc.ast.parser.Parsers$Parser$$anonfun$topStat$1.applyOrElse(Parsers.scala:2980)
	at scala.tools.nsc.ast.parser.Parsers$Parser$$anonfun$topStat$1.applyOrElse(Parsers.scala:2973)
	at scala.tools.nsc.ast.parser.Parsers$Parser.statSeq(Parsers.scala:2957)
	at scala.tools.nsc.ast.parser.Parsers$Parser.topStatSeq(Parsers.scala:2972)
	at scala.tools.nsc.ast.parser.Parsers$Parser$$anonfun$compilationUnit$1.topstats$1(Parsers.scala:3170)
	at scala.tools.nsc.ast.parser.Parsers$Parser$$anonfun$compilationUnit$1.apply(Parsers.scala:3176)
	at scala.tools.nsc.ast.parser.Parsers$Parser$$anonfun$compilationUnit$1.apply(Parsers.scala:3138)
	at scala.tools.nsc.ast.parser.Parsers$Parser.checkNoEscapingPlaceholders(Parsers.scala:462)
	at scala.tools.nsc.ast.parser.Parsers$Parser.compilationUnit(Parsers.scala:3138)
	at scala.tools.nsc.ast.parser.Parsers$SourceFileParser$$anonfun$parseStartRule$1.apply(Parsers.scala:146)
	at scala.tools.nsc.ast.parser.Parsers$SourceFileParser$$anonfun$parseStartRule$1.apply(Parsers.scala:146)
	at scala.tools.nsc.ast.parser.Parsers$Parser$$anonfun$parse$1.apply(Parsers.scala:352)
	at scala.tools.nsc.ast.parser.Parsers$Parser$$anonfun$parse$1.apply(Parsers.scala:352)
	at scala.tools.nsc.ast.parser.Parsers$Parser.parseRule(Parsers.scala:345)
	at scala.tools.nsc.ast.parser.Parsers$Parser.parse(Parsers.scala:352)
	at scala.tools.nsc.ast.parser.Parsers$UnitParser.smartParse(Parsers.scala:241)
	at scala.tools.nsc.ast.parser.SyntaxAnalyzer.scala$tools$nsc$ast$parser$SyntaxAnalyzer$$initialUnitBody(SyntaxAnalyzer.scala:87)
	at scala.tools.nsc.ast.parser.SyntaxAnalyzer$ParserPhase.apply(SyntaxAnalyzer.scala:99)
	at scala.tools.nsc.Global$GlobalPhase$$anonfun$applyPhase$1.apply$mcV$sp(Global.scala:441)
	at scala.tools.nsc.Global$GlobalPhase.withCurrentUnit(Global.scala:432)
	at scala.tools.nsc.Global$GlobalPhase.applyPhase(Global.scala:441)
	at scala.tools.nsc.Global$Run$$anonfun$compileLate$2$$anonfun$apply$1.apply(Global.scala:1607)
	at scala.tools.nsc.Global$Run$$anonfun$compileLate$2$$anonfun$apply$1.apply(Global.scala:1607)
	at scala.reflect.internal.SymbolTable.enteringPhase(SymbolTable.scala:235)
	at scala.tools.nsc.Global$Run$$anonfun$compileLate$2.apply(Global.scala:1607)
	at scala.tools.nsc.Global$Run$$anonfun$compileLate$2.apply(Global.scala:1606)
	at scala.collection.Iterator$class.foreach(Iterator.scala:750)
	at scala.collection.AbstractIterator.foreach(Iterator.scala:1202)
	at scala.tools.nsc.Global$Run.compileLate(Global.scala:1606)
	at scala.tools.nsc.interactive.Global.scala$tools$nsc$interactive$Global$$parseAndEnter(Global.scala:656)
	at scala.tools.nsc.interactive.Global.backgroundCompile(Global.scala:562)
	at scala.tools.nsc.interactive.PresentationCompilerThread.run(PresentationCompilerThread.scala:25)
2016-02-20 20:21:03,163 ERROR [main] - org.scala-ide.sdt.core - org.scala-ide.sdt.core - org.scala-ide.sdt.core - 0 - Throwable during asyncExec
java.lang.NullPointerException
	at scala.reflect.internal.Definitions$DefinitionsClass.isByNameParamType(Definitions.scala:377)
	at scala.reflect.internal.TreeInfo.isStableIdent(TreeInfo.scala:130)
	at scala.reflect.internal.TreeInfo.isStableIdentifier(TreeInfo.scala:105)
	at scala.reflect.internal.TreeInfo.isPath(TreeInfo.scala:95)
	at scala.reflect.internal.TreeInfo.admitsTypeSelection(TreeInfo.scala:147)
	at scala.tools.nsc.interactive.Global.stabilizedType(Global.scala:961)
	at scala.tools.nsc.interactive.Global.typedTreeAt(Global.scala:810)
	at scala.tools.nsc.interactive.Global$$anonfun$getTypedTreeAt$1.apply(Global.scala:840)
	at scala.tools.nsc.interactive.Global$$anonfun$getTypedTreeAt$1.apply(Global.scala:840)
	at scala.tools.nsc.interactive.Global$$anonfun$respond$1.apply(Global.scala:699)
	at scala.tools.nsc.interactive.Global$$anonfun$respond$1.apply(Global.scala:699)
	at scala.tools.nsc.interactive.Global.respondGradually(Global.scala:706)
	at scala.tools.nsc.interactive.Global.respond(Global.scala:699)
	at scala.tools.nsc.interactive.Global.getTypedTreeAt(Global.scala:840)
	at scala.tools.nsc.interactive.CompilerControl$AskTypeAtItem.apply$mcV$sp(CompilerControl.scala:326)
	at scala.tools.nsc.interactive.Global$$anonfun$pollForWork$1.apply$mcV$sp(Global.scala:504)
	at scala.util.control.Breaks.breakable(Breaks.scala:38)
	at scala.tools.nsc.interactive.Global.pollForWork(Global.scala:429)
	at scala.tools.nsc.interactive.Global.checkForMoreWork(Global.scala:518)
	at scala.tools.nsc.interactive.Global.signalParseProgress(Global.scala:329)
	at scala.tools.nsc.ast.parser.Parsers$Parser.funDefRest(Parsers.scala:2619)
	at scala.tools.nsc.ast.parser.Parsers$Parser.funDefOrDcl(Parsers.scala:2576)
	at scala.tools.nsc.ast.parser.Parsers$Parser.defOrDcl(Parsers.scala:2461)
	at scala.tools.nsc.ast.parser.Parsers$Parser.nonLocalDefOrDcl(Parsers.scala:2473)
	at scala.tools.nsc.ast.parser.Parsers$Parser$$anonfun$templateStat$1$$anonfun$applyOrElse$3.apply(Parsers.scala:3030)
	at scala.tools.nsc.ast.parser.Parsers$Parser$$anonfun$templateStat$1$$anonfun$applyOrElse$3.apply(Parsers.scala:3030)
	at scala.tools.nsc.doc.ScaladocSyntaxAnalyzer$ScaladocUnitParser.joinComment(ScaladocAnalyzer.scala:259)
	at scala.tools.nsc.ast.parser.Parsers$Parser$$anonfun$templateStat$1.applyOrElse(Parsers.scala:3030)
	at scala.tools.nsc.ast.parser.Parsers$Parser$$anonfun$templateStat$1.applyOrElse(Parsers.scala:3025)
	at scala.tools.nsc.ast.parser.Parsers$Parser.statSeq(Parsers.scala:2957)
	at scala.tools.nsc.ast.parser.Parsers$Parser.templateStats(Parsers.scala:3024)
	at scala.tools.nsc.ast.parser.Parsers$Parser$$anonfun$templateStatSeq$1.apply(Parsers.scala:3011)
	at scala.tools.nsc.ast.parser.Parsers$Parser$$anonfun$templateStatSeq$1.apply(Parsers.scala:2988)
	at scala.tools.nsc.ast.parser.Parsers$Parser.checkNoEscapingPlaceholders(Parsers.scala:462)
	at scala.tools.nsc.ast.parser.Parsers$Parser.templateStatSeq(Parsers.scala:2988)
	at scala.tools.nsc.ast.parser.Parsers$Parser.templateBody(Parsers.scala:2917)
	at scala.tools.nsc.ast.parser.Parsers$Parser.templateBodyOpt(Parsers.scala:2924)
	at scala.tools.nsc.ast.parser.Parsers$Parser.templateOpt(Parsers.scala:2888)
	at scala.tools.nsc.ast.parser.Parsers$Parser$$anonfun$classDef$1.apply(Parsers.scala:2751)
	at scala.tools.nsc.ast.parser.Parsers$Parser$$anonfun$classDef$1.apply(Parsers.scala:2731)
	at scala.tools.nsc.ast.parser.Parsers$Parser.savingClassContextBounds(Parsers.scala:327)
	at scala.tools.nsc.ast.parser.Parsers$Parser.classDef(Parsers.scala:2731)
	at scala.tools.nsc.ast.parser.Parsers$Parser.tmplDef(Parsers.scala:2708)
	at scala.tools.nsc.ast.parser.Parsers$Parser.topLevelTmplDef(Parsers.scala:2693)
	at scala.tools.nsc.ast.parser.Parsers$Parser$$anonfun$topStat$1$$anonfun$applyOrElse$2.apply(Parsers.scala:2980)
	at scala.tools.nsc.ast.parser.Parsers$Parser$$anonfun$topStat$1$$anonfun$applyOrElse$2.apply(Parsers.scala:2980)
	at scala.tools.nsc.doc.ScaladocSyntaxAnalyzer$ScaladocUnitParser.joinComment(ScaladocAnalyzer.scala:259)
	at scala.tools.nsc.ast.parser.Parsers$Parser$$anonfun$topStat$1.applyOrElse(Parsers.scala:2980)
	at scala.tools.nsc.ast.parser.Parsers$Parser$$anonfun$topStat$1.applyOrElse(Parsers.scala:2973)
	at scala.tools.nsc.ast.parser.Parsers$Parser.statSeq(Parsers.scala:2957)
	at scala.tools.nsc.ast.parser.Parsers$Parser.topStatSeq(Parsers.scala:2972)
	at scala.tools.nsc.ast.parser.Parsers$Parser$$anonfun$compilationUnit$1.topstats$1(Parsers.scala:3170)
	at scala.tools.nsc.ast.parser.Parsers$Parser$$anonfun$compilationUnit$1.apply(Parsers.scala:3176)
	at scala.tools.nsc.ast.parser.Parsers$Parser$$anonfun$compilationUnit$1.apply(Parsers.scala:3138)
	at scala.tools.nsc.ast.parser.Parsers$Parser.checkNoEscapingPlaceholders(Parsers.scala:462)
	at scala.tools.nsc.ast.parser.Parsers$Parser.compilationUnit(Parsers.scala:3138)
	at scala.tools.nsc.ast.parser.Parsers$SourceFileParser$$anonfun$parseStartRule$1.apply(Parsers.scala:146)
	at scala.tools.nsc.ast.parser.Parsers$SourceFileParser$$anonfun$parseStartRule$1.apply(Parsers.scala:146)
	at scala.tools.nsc.ast.parser.Parsers$Parser$$anonfun$parse$1.apply(Parsers.scala:352)
	at scala.tools.nsc.ast.parser.Parsers$Parser$$anonfun$parse$1.apply(Parsers.scala:352)
	at scala.tools.nsc.ast.parser.Parsers$Parser.parseRule(Parsers.scala:345)
	at scala.tools.nsc.ast.parser.Parsers$Parser.parse(Parsers.scala:352)
	at scala.tools.nsc.ast.parser.Parsers$UnitParser.smartParse(Parsers.scala:241)
	at scala.tools.nsc.ast.parser.SyntaxAnalyzer.scala$tools$nsc$ast$parser$SyntaxAnalyzer$$initialUnitBody(SyntaxAnalyzer.scala:87)
	at scala.tools.nsc.ast.parser.SyntaxAnalyzer$ParserPhase.apply(SyntaxAnalyzer.scala:99)
	at scala.tools.nsc.Global$GlobalPhase$$anonfun$applyPhase$1.apply$mcV$sp(Global.scala:441)
	at scala.tools.nsc.Global$GlobalPhase.withCurrentUnit(Global.scala:432)
	at scala.tools.nsc.Global$GlobalPhase.applyPhase(Global.scala:441)
	at scala.tools.nsc.Global$Run$$anonfun$compileLate$2$$anonfun$apply$1.apply(Global.scala:1607)
	at scala.tools.nsc.Global$Run$$anonfun$compileLate$2$$anonfun$apply$1.apply(Global.scala:1607)
	at scala.reflect.internal.SymbolTable.enteringPhase(SymbolTable.scala:235)
	at scala.tools.nsc.Global$Run$$anonfun$compileLate$2.apply(Global.scala:1607)
	at scala.tools.nsc.Global$Run$$anonfun$compileLate$2.apply(Global.scala:1606)
	at scala.collection.Iterator$class.foreach(Iterator.scala:750)
	at scala.collection.AbstractIterator.foreach(Iterator.scala:1202)
	at scala.tools.nsc.Global$Run.compileLate(Global.scala:1606)
	at scala.tools.nsc.interactive.Global.scala$tools$nsc$interactive$Global$$parseAndEnter(Global.scala:656)
	at scala.tools.nsc.interactive.Global.backgroundCompile(Global.scala:562)
	at scala.tools.nsc.interactive.PresentationCompilerThread.run(PresentationCompilerThread.scala:25)
2016-02-20 20:21:40,918  WARN [Worker-67] - ScalaProject - Project project2 has platform default sourceLevel.
2016-02-20 20:21:40,918  WARN [Worker-67] - ScalaProject - Project project2 runs on platform default installation.
2016-02-20 20:22:00,435 ERROR [Text Viewer Hover Presenter] - IScalaPresentationCompiler$ - Ignoring InterruptException
2016-02-20 20:22:00,435 ERROR [Text Viewer Hover Presenter] - IScalaPresentationCompiler$ - Ignoring InterruptException
2016-02-20 20:22:00,435 ERROR [Text Viewer Hover Presenter] - IScalaPresentationCompiler$ - Ignoring InterruptException
2016-02-20 20:22:15,393  WARN [Worker-68] - ScalaProject - Project project2 has platform default sourceLevel.
2016-02-20 20:22:15,393  WARN [Worker-68] - ScalaProject - Project project2 runs on platform default installation.
2016-02-20 20:29:05,549  WARN [Worker-69] - ScalaProject - Project project2 has platform default sourceLevel.
2016-02-20 20:29:05,549  WARN [Worker-69] - ScalaProject - Project project2 runs on platform default installation.
2016-02-20 20:29:57,824  WARN [Worker-69] - ScalaProject - Project project2 has platform default sourceLevel.
2016-02-20 20:29:57,824  WARN [Worker-69] - ScalaProject - Project project2 runs on platform default installation.
2016-02-20 20:42:14,222  WARN [org.scalaide.ui.internal.reconciliation.ScalaReconciler] - TraverserImpl$ - Skipping annotation, position length = 0, position offset = 321
2016-02-20 20:42:14,223  WARN [org.scalaide.ui.internal.reconciliation.ScalaReconciler] - TraverserImpl$ - Skipping annotation, position length = 0, position offset = 321
2016-02-20 20:42:16,749  WARN [org.scalaide.ui.internal.reconciliation.ScalaReconciler] - TraverserImpl$ - Skipping annotation, position length = 0, position offset = 322
2016-02-20 20:42:16,749  WARN [org.scalaide.ui.internal.reconciliation.ScalaReconciler] - TraverserImpl$ - Skipping annotation, position length = 0, position offset = 322
2016-02-20 20:42:16,750  WARN [org.scalaide.ui.internal.reconciliation.ScalaReconciler] - TraverserImpl$ - Skipping annotation, position length = 0, position offset = 242
2016-02-20 20:42:36,563  WARN [Worker-67] - ScalaProject - Project project2 has platform default sourceLevel.
2016-02-20 20:42:36,563  WARN [Worker-67] - ScalaProject - Project project2 runs on platform default installation.
2016-02-20 20:42:47,114  WARN [Worker-78] - ScalaProject - Project project2 has platform default sourceLevel.
2016-02-20 20:42:47,114  WARN [Worker-78] - ScalaProject - Project project2 runs on platform default installation.
2016-02-20 20:43:10,027  WARN [Worker-67] - ScalaProject - Project project2 has platform default sourceLevel.
2016-02-20 20:43:10,027  WARN [Worker-67] - ScalaProject - Project project2 runs on platform default installation.
2016-02-20 20:43:31,821  WARN [Worker-80] - ScalaProject - Project project2 has platform default sourceLevel.
2016-02-20 20:43:31,821  WARN [Worker-80] - ScalaProject - Project project2 runs on platform default installation.
2016-02-20 20:46:25,445  WARN [Worker-75] - ScalaProject - Project project2 has platform default sourceLevel.
2016-02-20 20:46:25,445  WARN [Worker-75] - ScalaProject - Project project2 runs on platform default installation.
2016-02-20 20:47:11,011  WARN [Worker-80] - ScalaProject - Project project2 has platform default sourceLevel.
2016-02-20 20:47:11,011  WARN [Worker-80] - ScalaProject - Project project2 runs on platform default installation.
2016-02-20 20:47:22,231  WARN [Worker-85] - ScalaProject - Project project2 has platform default sourceLevel.
2016-02-20 20:47:22,231  WARN [Worker-85] - ScalaProject - Project project2 runs on platform default installation.
2016-02-20 20:49:00,759  WARN [Worker-86] - ScalaProject - Project project2 has platform default sourceLevel.
2016-02-20 20:49:00,759  WARN [Worker-86] - ScalaProject - Project project2 runs on platform default installation.
2016-02-20 20:49:31,474  WARN [org.scalaide.ui.internal.reconciliation.ScalaReconciler] - TraverserImpl$ - Skipping annotation, position length = 0, position offset = 434
2016-02-20 20:49:32,482  WARN [org.scalaide.ui.internal.reconciliation.ScalaReconciler] - TraverserImpl$ - Skipping annotation, position length = 0, position offset = 435
2016-02-20 20:49:35,003  WARN [org.scalaide.ui.internal.reconciliation.ScalaReconciler] - TraverserImpl$ - Skipping annotation, position length = 0, position offset = 430
2016-02-20 20:49:36,518  WARN [org.scalaide.ui.internal.reconciliation.ScalaReconciler] - TraverserImpl$ - Skipping annotation, position length = 0, position offset = 430
2016-02-20 20:50:33,914  WARN [Worker-80] - ScalaProject - Project project2 has platform default sourceLevel.
2016-02-20 20:50:33,914  WARN [Worker-80] - ScalaProject - Project project2 runs on platform default installation.
2016-02-20 20:50:43,279  WARN [Worker-80] - ScalaProject - Project project2 has platform default sourceLevel.
2016-02-20 20:50:43,279  WARN [Worker-80] - ScalaProject - Project project2 runs on platform default installation.
2016-02-20 20:51:07,947  WARN [Worker-75] - ScalaProject - Project project2 has platform default sourceLevel.
2016-02-20 20:51:07,948  WARN [Worker-75] - ScalaProject - Project project2 runs on platform default installation.
2016-02-20 20:54:50,846  WARN [Worker-75] - ScalaProject - Project project2 has platform default sourceLevel.
2016-02-20 20:54:50,846  WARN [Worker-75] - ScalaProject - Project project2 runs on platform default installation.
2016-02-21 10:47:39,241  WARN [main] - ScalaProject - Project project2 has platform default sourceLevel.
2016-02-21 10:47:39,243  WARN [main] - ScalaProject - Project project2 runs on platform default installation.
2016-02-21 10:49:39,517  WARN [Worker-0] - ScalaProject - Project project2 has platform default sourceLevel.
2016-02-21 10:49:39,518  WARN [Worker-0] - ScalaProject - Project project2 runs on platform default installation.
2016-02-21 10:50:58,381  WARN [Worker-0] - ScalaProject - Project project2 has platform default sourceLevel.
2016-02-21 10:50:58,381  WARN [Worker-0] - ScalaProject - Project project2 runs on platform default installation.
2016-02-21 10:51:35,152 ERROR [main] - org.scala-ide.sdt.core - org.scala-ide.sdt.core - org.scala-ide.sdt.core - 0 - Throwable during asyncExec
java.lang.UnsupportedOperationException: Position.start on NoPosition
	at scala.reflect.internal.util.Position.fail(Position.scala:17)
	at scala.reflect.internal.util.UndefinedPosition.start(Position.scala:94)
	at scala.reflect.internal.util.UndefinedPosition.start(Position.scala:90)
	at scala.tools.refactoring.sourcegen.SourceGenerator$$anonfun$generateFragmentsFromTrees$4.apply(SourceGenerator.scala:145)
	at scala.tools.refactoring.sourcegen.SourceGenerator$$anonfun$generateFragmentsFromTrees$4.apply(SourceGenerator.scala:115)
	at scala.collection.TraversableLike$$anonfun$map$1.apply(TraversableLike.scala:245)
	at scala.collection.TraversableLike$$anonfun$map$1.apply(TraversableLike.scala:245)
	at scala.collection.immutable.List.foreach(List.scala:381)
	at scala.collection.TraversableLike$class.map(TraversableLike.scala:245)
	at scala.collection.immutable.List.map(List.scala:285)
	at scala.tools.refactoring.sourcegen.SourceGenerator$class.generateFragmentsFromTrees(SourceGenerator.scala:115)
	at scala.tools.refactoring.MultiStageRefactoring.generateFragmentsFromTrees(MultiStageRefactoring.scala:14)
	at scala.tools.refactoring.sourcegen.SourceGenerator$$anonfun$createChanges$1.apply(SourceGenerator.scala:33)
	at scala.tools.refactoring.sourcegen.SourceGenerator$$anonfun$createChanges$1.apply(SourceGenerator.scala:33)
	at scala.tools.refactoring.common.ConsoleTracing$class.context(tracing.scala:38)
	at org.scalaide.refactoring.internal.move.MoveClass$MoveClassScalaIdeRefactoring$$anonfun$3$$anon$1.context(MoveClass.scala:56)
	at scala.tools.refactoring.sourcegen.SourceGenerator$class.createChanges(SourceGenerator.scala:32)
	at scala.tools.refactoring.MultiStageRefactoring.createChanges(MultiStageRefactoring.scala:14)
	at scala.tools.refactoring.Refactoring$$anonfun$refactor$1.apply(Refactoring.scala:32)
	at scala.tools.refactoring.Refactoring$$anonfun$refactor$1.apply(Refactoring.scala:31)
	at scala.tools.refactoring.common.ConsoleTracing$class.context(tracing.scala:38)
	at org.scalaide.refactoring.internal.move.MoveClass$MoveClassScalaIdeRefactoring$$anonfun$3$$anon$1.context(MoveClass.scala:56)
	at scala.tools.refactoring.Refactoring$class.refactor(Refactoring.scala:31)
	at scala.tools.refactoring.MultiStageRefactoring.refactor(MultiStageRefactoring.scala:14)
	at scala.tools.refactoring.Refactoring$class.transformFile(Refactoring.scala:41)
	at scala.tools.refactoring.MultiStageRefactoring.transformFile(MultiStageRefactoring.scala:14)
	at scala.tools.refactoring.implementations.MoveClass.perform(MoveClass.scala:126)
	at scala.tools.refactoring.implementations.MoveClass.perform(MoveClass.scala:14)
	at org.scalaide.refactoring.internal.ScalaIdeRefactoring$$anonfun$5$$anonfun$6.apply(ScalaIdeRefactoring.scala:161)
	at org.scalaide.refactoring.internal.ScalaIdeRefactoring$$anonfun$5$$anonfun$6.apply(ScalaIdeRefactoring.scala:161)
	at scala.tools.nsc.util.InterruptReq.execute(InterruptReq.scala:26)
	at scala.tools.nsc.interactive.Global$$anonfun$pollForWork$1.apply$mcV$sp(Global.scala:455)
	at scala.util.control.Breaks.breakable(Breaks.scala:38)
	at scala.tools.nsc.interactive.Global.pollForWork(Global.scala:429)
	at scala.tools.nsc.interactive.PresentationCompilerThread.run(PresentationCompilerThread.scala:22)
2016-02-21 10:55:00,244  WARN [Worker-6] - ScalaProject - Project project2 has platform default sourceLevel.
2016-02-21 10:55:00,244  WARN [Worker-6] - ScalaProject - Project project2 runs on platform default installation.
2016-02-21 10:55:17,024  WARN [Worker-4] - ScalaProject - Project project2 has platform default sourceLevel.
2016-02-21 10:55:17,025  WARN [Worker-4] - ScalaProject - Project project2 runs on platform default installation.
2016-02-21 10:55:38,262  WARN [Worker-6] - ScalaProject - Project project2 has platform default sourceLevel.
2016-02-21 10:55:38,262  WARN [Worker-6] - ScalaProject - Project project2 runs on platform default installation.
2016-02-21 10:57:42,970  WARN [Worker-5] - ScalaProject - Project project2 has platform default sourceLevel.
2016-02-21 10:57:42,971  WARN [Worker-5] - ScalaProject - Project project2 runs on platform default installation.
2016-02-23 00:54:19,029  WARN [main] - ScalaProject - Project project2 has platform default sourceLevel.
2016-02-23 00:54:19,031  WARN [main] - ScalaProject - Project project2 runs on platform default installation.
